#
# There is insufficient memory for the Java Runtime Environment to continue.
# Native memory allocation (mmap) failed to map 266338304 bytes for G1 virtual space
# Possible reasons:
#   The system is out of physical RAM or swap space
#   The process is running with CompressedOops enabled, and the Java Heap may be blocking the growth of the native heap
# Possible solutions:
#   Reduce memory load on the system
#   Increase physical memory or swap space
#   Check if swap backing store is full
#   Decrease Java heap size (-Xmx/-Xms)
#   Decrease number of Java threads
#   Decrease Java thread stack sizes (-Xss)
#   Set larger code cache with -XX:ReservedCodeCacheSize=
#   JVM is running with Zero Based Compressed Oops mode in which the Java heap is
#     placed in the first 32GB address space. The Java Heap base address is the
#     maximum limit for the native heap growth. Please use -XX:HeapBaseMinAddress
#     to set the Java Heap base and to place the Java Heap above 32GB virtual address.
# This output file may be truncated or incomplete.
#
#  Out of Memory Error (os_windows.cpp:3825), pid=4024, tid=12708
#
# JRE version:  (17.0.10) (build )
# Java VM: OpenJDK 64-Bit Server VM (17.0.10+0--11609105, mixed mode, sharing, tiered, compressed oops, compressed class ptrs, g1 gc, windows-amd64)
# No core dump will be written. Minidumps are not enabled by default on client versions of Windows
#

---------------  S U M M A R Y ------------

Command Line: org.jetbrains.kotlin.cli.jvm.K2JVMCompiler @C:\Users\msi\AndroidStudioProjects\Admin_Cricket_App\app\build\20250226_13751793927011430698.compiler.options

Host: Intel(R) Core(TM) i5-9300H CPU @ 2.40GHz, 8 cores, 15G,  Windows 11 , 64 bit Build 22621 (10.0.22621.4830)
Time: Wed Feb 26 22:48:47 2025 India Standard Time elapsed time: 0.009272 seconds (0d 0h 0m 0s)

---------------  T H R E A D  ---------------

Current thread (0x000001defe72b080):  JavaThread "Unknown thread" [_thread_in_vm, id=12708, stack(0x000000900bc00000,0x000000900bd00000)]

Stack: [0x000000900bc00000,0x000000900bd00000]
Native frames: (J=compiled Java code, j=interpreted, Vv=VM code, C=native code)
V  [jvm.dll+0x688de9]
V  [jvm.dll+0x8423da]
V  [jvm.dll+0x84401e]
V  [jvm.dll+0x844683]
V  [jvm.dll+0x24be0f]
V  [jvm.dll+0x685bb9]
V  [jvm.dll+0x67a46a]
V  [jvm.dll+0x30cbab]
V  [jvm.dll+0x314056]
V  [jvm.dll+0x363dce]
V  [jvm.dll+0x363fff]
V  [jvm.dll+0x2e2978]
V  [jvm.dll+0x2e38e4]
V  [jvm.dll+0x812f71]
V  [jvm.dll+0x371c81]
V  [jvm.dll+0x7f1ac6]
V  [jvm.dll+0x3f58df]
V  [jvm.dll+0x3f7511]
C  [jli.dll+0x528f]
C  [ucrtbase.dll+0x29333]
C  [KERNEL32.DLL+0x1259d]
C  [ntdll.dll+0x5af38]


---------------  P R O C E S S  ---------------

Threads class SMR info:
_java_thread_list=0x00007ffe5851ef58, length=0, elements={
}

Java Threads: ( => current thread )

Other Threads:
  0x000001defe797e60 GCTaskThread "GC Thread#0" [stack: 0x000000900bd00000,0x000000900be00000] [id=1092]
  0x000001defe7a8b40 ConcurrentGCThread "G1 Main Marker" [stack: 0x000000900be00000,0x000000900bf00000] [id=13852]
  0x000001defe7aa570 ConcurrentGCThread "G1 Conc#0" [stack: 0x000000900bf00000,0x000000900c000000] [id=7276]

[error occurred during error reporting (printing all threads), id 0xc0000005, EXCEPTION_ACCESS_VIOLATION (0xc0000005) at pc=0x00007ffe57cd3547]

VM state: not at safepoint (not fully initialized)

VM Mutex/Monitor currently owned by a thread:  ([mutex/lock_event])
[0x000001defe725b60] Heap_lock - owner thread: 0x000001defe72b080

Heap address: 0x0000000702600000, size: 4058 MB, Compressed Oops mode: Zero based, Oop shift amount: 3

CDS archive(s) mapped at: [0x0000000000000000-0x0000000000000000-0x0000000000000000), size 0, SharedBaseAddress: 0x0000000800000000, ArchiveRelocationMode: 1.
Narrow klass base: 0x0000000000000000, Narrow klass shift: 0, Narrow klass range: 0x0

GC Precious Log:
<Empty>

Heap:
 garbage-first heap   total 0K, used 0K [0x0000000702600000, 0x0000000800000000)
  region size 2048K, 0 young (0K), 0 survivors (0K)
 Metaspace       used 0K, committed 0K, reserved 0K
  class space    used 0K, committed 0K, reserved 0K

Heap Regions: E=young(eden), S=young(survivor), O=old, HS=humongous(starts), HC=humongous(continues), CS=collection set, F=free, OA=open archive, CA=closed archive, TAMS=top-at-mark-start (previous, next)

Card table byte_map: [0x000001deff310000,0x000001deffb00000] _byte_map_base: 0x000001defbafd000

Marking Bits (Prev, Next): (CMBitMap*) 0x000001defe798480, (CMBitMap*) 0x000001defe7984c0
 Prev Bits: [0x000001de92c10000, 0x000001de96b78000)
 Next Bits: [0x000001de96b80000, 0x000001de9aae8000)

GC Heap History (0 events):
No events

Dll operation events (1 events):
Event: 0.006 Loaded shared library C:\Program Files\Android\Android Studio\jbr\bin\java.dll

Deoptimization events (0 events):
No events

Classes unloaded (0 events):
No events

Classes redefined (0 events):
No events

Internal exceptions (0 events):
No events

VM Operations (0 events):
No events

Events (0 events):
No events


Dynamic libraries:
0x00007ff6270d0000 - 0x00007ff6270da000 	C:\Program Files\Android\Android Studio\jbr\bin\java.exe
0x00007ffe8fe10000 - 0x00007ffe90027000 	C:\WINDOWS\SYSTEM32\ntdll.dll
0x00007ffe8e620000 - 0x00007ffe8e6e4000 	C:\WINDOWS\System32\KERNEL32.DLL
0x00007ffe8d230000 - 0x00007ffe8d600000 	C:\WINDOWS\System32\KERNELBASE.dll
0x00007ffe8d910000 - 0x00007ffe8da21000 	C:\WINDOWS\System32\ucrtbase.dll
0x00007ffe75760000 - 0x00007ffe75777000 	C:\Program Files\Android\Android Studio\jbr\bin\jli.dll
0x00007ffe68e40000 - 0x00007ffe68e5b000 	C:\Program Files\Android\Android Studio\jbr\bin\VCRUNTIME140.dll
0x00007ffe8e780000 - 0x00007ffe8e92e000 	C:\WINDOWS\System32\USER32.dll
0x00007ffe8dad0000 - 0x00007ffe8daf6000 	C:\WINDOWS\System32\win32u.dll
0x00007ffe728c0000 - 0x00007ffe72b52000 	C:\WINDOWS\WinSxS\amd64_microsoft.windows.common-controls_6595b64144ccf1df_6.0.22621.4830_none_270fe7d773858e80\COMCTL32.dll
0x00007ffe8efb0000 - 0x00007ffe8efd9000 	C:\WINDOWS\System32\GDI32.dll
0x00007ffe8f450000 - 0x00007ffe8f4f7000 	C:\WINDOWS\System32\msvcrt.dll
0x00007ffe8d6c0000 - 0x00007ffe8d7db000 	C:\WINDOWS\System32\gdi32full.dll
0x00007ffe8da30000 - 0x00007ffe8daca000 	C:\WINDOWS\System32\msvcp_win.dll
0x00007ffe8dc60000 - 0x00007ffe8dc91000 	C:\WINDOWS\System32\IMM32.DLL
0x00007ffe75920000 - 0x00007ffe7592c000 	C:\Program Files\Android\Android Studio\jbr\bin\vcruntime140_1.dll
0x00007ffe68db0000 - 0x00007ffe68e3d000 	C:\Program Files\Android\Android Studio\jbr\bin\msvcp140.dll
0x00007ffe579e0000 - 0x00007ffe58663000 	C:\Program Files\Android\Android Studio\jbr\bin\server\jvm.dll
0x00007ffe8e560000 - 0x00007ffe8e611000 	C:\WINDOWS\System32\ADVAPI32.dll
0x00007ffe8de60000 - 0x00007ffe8df07000 	C:\WINDOWS\System32\sechost.dll
0x00007ffe8d7e0000 - 0x00007ffe8d808000 	C:\WINDOWS\System32\bcrypt.dll
0x00007ffe8ea40000 - 0x00007ffe8eb54000 	C:\WINDOWS\System32\RPCRT4.dll
0x00007ffe89320000 - 0x00007ffe89329000 	C:\WINDOWS\SYSTEM32\WSOCK32.dll
0x00007ffe8bf20000 - 0x00007ffe8bf6d000 	C:\WINDOWS\SYSTEM32\POWRPROF.dll
0x00007ffe78400000 - 0x00007ffe78434000 	C:\WINDOWS\SYSTEM32\WINMM.dll
0x00007ffe8e040000 - 0x00007ffe8e0b1000 	C:\WINDOWS\System32\WS2_32.dll
0x00007ffe896a0000 - 0x00007ffe896aa000 	C:\WINDOWS\SYSTEM32\VERSION.dll
0x00007ffe8bf00000 - 0x00007ffe8bf13000 	C:\WINDOWS\SYSTEM32\UMPDC.dll
0x00007ffe8c1b0000 - 0x00007ffe8c1c8000 	C:\WINDOWS\SYSTEM32\kernel.appcore.dll
0x00007ffe89310000 - 0x00007ffe8931a000 	C:\Program Files\Android\Android Studio\jbr\bin\jimage.dll
0x00007ffe77940000 - 0x00007ffe77b72000 	C:\WINDOWS\SYSTEM32\DBGHELP.DLL
0x00007ffe8f0c0000 - 0x00007ffe8f450000 	C:\WINDOWS\System32\combase.dll
0x00007ffe8df30000 - 0x00007ffe8e007000 	C:\WINDOWS\System32\OLEAUT32.dll
0x00007ffe68880000 - 0x00007ffe688b2000 	C:\WINDOWS\SYSTEM32\dbgcore.DLL
0x00007ffe8d890000 - 0x00007ffe8d90b000 	C:\WINDOWS\System32\bcryptPrimitives.dll
0x00007ffe89220000 - 0x00007ffe89245000 	C:\Program Files\Android\Android Studio\jbr\bin\java.dll

dbghelp: loaded successfully - version: 4.0.5 - missing functions: none
symbol engine: initialized successfully - sym options: 0x614 - pdb path: .;C:\Program Files\Android\Android Studio\jbr\bin;C:\WINDOWS\SYSTEM32;C:\WINDOWS\WinSxS\amd64_microsoft.windows.common-controls_6595b64144ccf1df_6.0.22621.4830_none_270fe7d773858e80;C:\Program Files\Android\Android Studio\jbr\bin\server

VM Arguments:
java_command: org.jetbrains.kotlin.cli.jvm.K2JVMCompiler @C:\Users\msi\AndroidStudioProjects\Admin_Cricket_App\app\build\20250226_13751793927011430698.compiler.options
java_class_path (initial): C:\Users\msi\.gradle\caches\modules-2\files-2.1\org.jetbrains.kotlin\kotlin-compiler-embeddable\1.9.0\2c8c3a7402becca891f12739b3e9fd2dc2adbd7a\kotlin-compiler-embeddable-1.9.0.jar;C:\Users\msi\.gradle\caches\modules-2\files-2.1\org.jetbrains.kotlin\kotlin-stdlib\1.9.0\8ee15ef0c67dc83d874f412d84378d7f0eb50b63\kotlin-stdlib-1.9.0.jar;C:\Users\msi\.gradle\caches\modules-2\files-2.1\org.jetbrains.kotlin\kotlin-script-runtime\1.9.0\4b3102cbbb7e1b58d9d1adf89563f00069ffa7d1\kotlin-script-runtime-1.9.0.jar;C:\Users\msi\.gradle\caches\modules-2\files-2.1\org.jetbrains.kotlin\kotlin-reflect\1.6.10\1cbe9c92c12a94eea200d23c2bbaedaf3daf5132\kotlin-reflect-1.6.10.jar;C:\Users\msi\.gradle\caches\modules-2\files-2.1\org.jetbrains.kotlin\kotlin-daemon-embeddable\1.9.0\186543f5e28cf8d9a0290fecc2cf34301c40a65c\kotlin-daemon-embeddable-1.9.0.jar;C:\Users\msi\.gradle\caches\modules-2\files-2.1\org.jetbrains.intellij.deps\trove4j\1.0.20200330\3afb14d5f9ceb459d724e907a21145e8ff394f02\trove4j-1.0.20200330.jar;C:\Users\msi\.gradle\caches\modules-2\files-2.1\org.jetbrains.kotlin\kotlin-stdlib-common\1.9.0\cd65c21cfd1eec4d44ef09f9f52b6d9f8a720636\kotlin-stdlib-common-1.9.0.jar;C:\Users\msi\.gradle\caches\modules-2\files-2.1\org.jetbrains\annotations\13.0\919f0dfe192fb4e063e7dacadee7f8bb9a2672a9\annotations-13.0.jar
Launcher Type: SUN_STANDARD

[Global flags]
     intx CICompilerCount                          = 4                                         {product} {ergonomic}
     uint ConcGCThreads                            = 2                                         {product} {ergonomic}
     uint G1ConcRefinementThreads                  = 8                                         {product} {ergonomic}
   size_t G1HeapRegionSize                         = 2097152                                   {product} {ergonomic}
    uintx GCDrainStackTargetSize                   = 64                                        {product} {ergonomic}
   size_t InitialHeapSize                          = 266338304                                 {product} {ergonomic}
   size_t MarkStackSize                            = 4194304                                   {product} {ergonomic}
   size_t MaxHeapSize                              = 4255121408                                {product} {ergonomic}
   size_t MinHeapDeltaBytes                        = 2097152                                   {product} {ergonomic}
   size_t MinHeapSize                              = 8388608                                   {product} {ergonomic}
    uintx NonNMethodCodeHeapSize                   = 5839372                                {pd product} {ergonomic}
    uintx NonProfiledCodeHeapSize                  = 122909434                              {pd product} {ergonomic}
    uintx ProfiledCodeHeapSize                     = 122909434                              {pd product} {ergonomic}
    uintx ReservedCodeCacheSize                    = 251658240                              {pd product} {ergonomic}
     bool SegmentedCodeCache                       = true                                      {product} {ergonomic}
   size_t SoftMaxHeapSize                          = 4255121408                             {manageable} {ergonomic}
     bool UseCompressedClassPointers               = true                           {product lp64_product} {ergonomic}
     bool UseCompressedOops                        = true                           {product lp64_product} {ergonomic}
     bool UseG1GC                                  = true                                      {product} {ergonomic}
     bool UseLargePagesIndividualAllocation        = false                                  {pd product} {ergonomic}

Logging:
Log output configuration:
 #0: stdout all=warning uptime,level,tags
 #1: stderr all=off uptime,level,tags

Environment Variables:
PATH=C:\Program Files\Common Files\Oracle\Java\javapath;C:\Users\msi\AppData\Local\Programs\Python\Python312\Scripts\;C:\Users\msi\AppData\Local\Programs\Python\Python312\;C:\WINDOWS\system32;C:\WINDOWS;C:\WINDOWS\System32\Wbem;C:\WINDOWS\System32\WindowsPowerShell\v1.0\;C:\WINDOWS\System32\OpenSSH\;C:\Program Files\Microsoft SQL Server\120\Tools\Binn\;C:\Program Files\MySQL\MySQL Server 8.0\bin;C:\Program Files\dotnet\;C:\ProgramData\chocolatey\bin;C:\MinGW\bin;C:\Program Files\Git\cmd;C:\Program Files\Java\jdk-23\bin;C:\Program Files\nodejs\;C:\Program Files\OpenSSL-Win64\bin;C:\Users\msi\AppData\Local\Programs\Python\Launcher\;C:\Users\msi\AppData\Local\Microsoft\WindowsApps;C:\Users\msi\AppData\Local\Programs\Microsoft VS Code\bin;C:\Users\msi\AppData\Local\Muse Hub\lib;C:\ProgramData\msi\GitHubDesktop\bin;C:\Program Files\nodejs\;C:\apktool;C:\Users\msi\AppData\Local\GitHubDesktop\bin;C:\Program Files\Java\;C:\MinGW\bin;C:\Program Files\Java\jdk-23\bin;C:\Users\msi\AppData\Roaming\npm;C:\Program Files\OpenSSL-Win64\bin;
USERNAME=msi
OS=Windows_NT
PROCESSOR_IDENTIFIER=Intel64 Family 6 Model 158 Stepping 13, GenuineIntel
TMP=C:\Users\msi\AppData\Local\Temp
TEMP=C:\Users\msi\AppData\Local\Temp



Periodic native trim disabled

JNI global refs:
JNI global refs: 0, weak refs: 0

JNI global refs memory usage: 0, weak refs: 0

OOME stack traces (most recent first):
Classloader memory used:


---------------  S Y S T E M  ---------------

OS:
 Windows 11 , 64 bit Build 22621 (10.0.22621.4830)
OS uptime: 0 days 2:13 hours
Hyper-V role detected

CPU: total 8 (initial active 8) (4 cores per cpu, 2 threads per core) family 6 model 158 stepping 13 microcode 0xde, cx8, cmov, fxsr, ht, mmx, 3dnowpref, sse, sse2, sse3, ssse3, sse4.1, sse4.2, popcnt, lzcnt, tsc, tscinvbit, avx, avx2, aes, erms, clmul, bmi1, bmi2, adx, fma, vzeroupper, clflush, clflushopt, hv
Processor Information for all 8 processors :
  Max Mhz: 2401, Current Mhz: 2400, Mhz Limit: 2376

Memory: 4k page, system-wide physical 16228M (2902M free)
TotalPageFile size 16228M (AvailPageFile size 207M)
current process WorkingSet (physical memory assigned to process): 11M, peak: 11M
current process commit charge ("private bytes"): 60M, peak: 314M

vm_info: OpenJDK 64-Bit Server VM (17.0.10+0--11609105) for windows-amd64 JRE (17.0.10+0--11609105), built on Mar 21 2024 19:10:56 by "androidbuild" with MS VC++ 16.10 / 16.11 (VS2019)

END.
